2026-05-20 13:56:50.755 +05:30 [INF] Now listening on: https://localhost:7183
2026-05-20 13:56:50.834 +05:30 [INF] Now listening on: http://localhost:5264
2026-05-20 13:56:50.949 +05:30 [INF] Application started. Press Ctrl+C to shut down.
2026-05-20 13:56:50.952 +05:30 [INF] Hosting environment: Development
2026-05-20 13:56:50.953 +05:30 [INF] Content root path: C:\Users\Lekesh\Prince Yadav\Vedang Projects\Water Bill\VedangSoft.BPMS\Water.Bill\src\Water.Bill.API
2026-05-20 14:31:50.819 +05:30 [INF] Now listening on: https://localhost:7183
2026-05-20 14:31:50.870 +05:30 [INF] Now listening on: http://localhost:5264
2026-05-20 14:31:50.955 +05:30 [INF] Application started. Press Ctrl+C to shut down.
2026-05-20 14:31:50.957 +05:30 [INF] Hosting environment: Development
2026-05-20 14:31:50.959 +05:30 [INF] Content root path: C:\Users\Lekesh\Prince Yadav\Vedang Projects\Water Bill\VedangSoft.BPMS\Water.Bill\src\Water.Bill.API
2026-05-20 17:43:05.067 +05:30 [INF] Now listening on: https://localhost:7183
2026-05-20 17:43:05.120 +05:30 [INF] Now listening on: http://localhost:5264
2026-05-20 17:43:05.196 +05:30 [INF] Application started. Press Ctrl+C to shut down.
2026-05-20 17:43:05.198 +05:30 [INF] Hosting environment: Development
2026-05-20 17:43:05.200 +05:30 [INF] Content root path: C:\Users\Lekesh\Prince Yadav\Vedang Projects\Water Bill\VedangSoft.BPMS\Water.Bill\src\Water.Bill.API
2026-05-20 17:49:50.430 +05:30 [INF] Now listening on: https://localhost:7183
2026-05-20 17:49:50.504 +05:30 [INF] Now listening on: http://localhost:5264
2026-05-20 17:49:50.649 +05:30 [INF] Application started. Press Ctrl+C to shut down.
2026-05-20 17:49:50.850 +05:30 [INF] Hosting environment: Development
2026-05-20 17:49:51.031 +05:30 [INF] Content root path: C:\Users\Lekesh\Prince Yadav\Vedang Projects\Water Bill\VedangSoft.BPMS\Water.Bill\src\Water.Bill.API
2026-05-20 17:54:23.043 +05:30 [INF] Now listening on: https://localhost:7183
2026-05-20 17:54:23.126 +05:30 [INF] Now listening on: http://localhost:5264
2026-05-20 17:54:23.245 +05:30 [INF] Application started. Press Ctrl+C to shut down.
2026-05-20 17:54:23.452 +05:30 [INF] Hosting environment: Development
2026-05-20 17:54:23.598 +05:30 [INF] Content root path: C:\Users\Lekesh\Prince Yadav\Vedang Projects\Water Bill\VedangSoft.BPMS\Water.Bill\src\Water.Bill.API
2026-05-20 17:55:45.474 +05:30 [WRN] The 'bool' property 'IsActive' on entity type 'ConsumerOtpVerification' is configured with a database-generated default, but has no configured sentinel value. The database-generated default will always be used for inserts when the property has the value 'False', since this is the CLR default for the 'bool' type. Consider using a nullable type, using a nullable backing field, or setting the sentinel value for the property to ensure the database default is used when, and only when, appropriate. See https://aka.ms/efcore-docs-default-values for more information.
2026-05-20 17:55:45.481 +05:30 [WRN] The 'bool' property 'IsDeleted' on entity type 'ConsumerOtpVerification' is configured with a database-generated default, but has no configured sentinel value. The database-generated default will always be used for inserts when the property has the value 'False', since this is the CLR default for the 'bool' type. Consider using a nullable type, using a nullable backing field, or setting the sentinel value for the property to ensure the database default is used when, and only when, appropriate. See https://aka.ms/efcore-docs-default-values for more information.
2026-05-20 17:55:45.491 +05:30 [WRN] The 'bool' property 'ShowInSidebar' on entity type 'Menuitem' is configured with a database-generated default, but has no configured sentinel value. The database-generated default will always be used for inserts when the property has the value 'False', since this is the CLR default for the 'bool' type. Consider using a nullable type, using a nullable backing field, or setting the sentinel value for the property to ensure the database default is used when, and only when, appropriate. See https://aka.ms/efcore-docs-default-values for more information.
2026-05-20 17:55:45.497 +05:30 [WRN] The 'bool' property 'IsActive' on entity type 'PermissionModule' is configured with a database-generated default, but has no configured sentinel value. The database-generated default will always be used for inserts when the property has the value 'False', since this is the CLR default for the 'bool' type. Consider using a nullable type, using a nullable backing field, or setting the sentinel value for the property to ensure the database default is used when, and only when, appropriate. See https://aka.ms/efcore-docs-default-values for more information.
2026-05-20 17:55:45.510 +05:30 [WRN] The 'bool' property 'IsDeleted' on entity type 'PermissionModule' is configured with a database-generated default, but has no configured sentinel value. The database-generated default will always be used for inserts when the property has the value 'False', since this is the CLR default for the 'bool' type. Consider using a nullable type, using a nullable backing field, or setting the sentinel value for the property to ensure the database default is used when, and only when, appropriate. See https://aka.ms/efcore-docs-default-values for more information.
2026-05-20 17:55:48.496 +05:30 [ERR] An exception occurred in the database while saving changes for context type 'Water.Bill.Infrastructure.Data.ApplicationDbContext'.
System.InvalidOperationException: The configured execution strategy 'MySqlRetryingExecutionStrategy' does not support user-initiated transactions. Use the execution strategy returned by 'DbContext.Database.CreateExecutionStrategy()' to execute all the operations in the transaction as a retriable unit.
   at Microsoft.EntityFrameworkCore.Storage.ExecutionStrategy.OnFirstExecution()
   at Microsoft.EntityFrameworkCore.Storage.ExecutionStrategy.ExecuteAsync[TState,TResult](TState state, Func`4 operation, Func`4 verifySucceeded, CancellationToken cancellationToken)
   at Microsoft.EntityFrameworkCore.DbContext.SaveChangesAsync(Boolean acceptAllChangesOnSuccess, CancellationToken cancellationToken)
System.InvalidOperationException: The configured execution strategy 'MySqlRetryingExecutionStrategy' does not support user-initiated transactions. Use the execution strategy returned by 'DbContext.Database.CreateExecutionStrategy()' to execute all the operations in the transaction as a retriable unit.
   at Microsoft.EntityFrameworkCore.Storage.ExecutionStrategy.OnFirstExecution()
   at Microsoft.EntityFrameworkCore.Storage.ExecutionStrategy.ExecuteAsync[TState,TResult](TState state, Func`4 operation, Func`4 verifySucceeded, CancellationToken cancellationToken)
   at Microsoft.EntityFrameworkCore.DbContext.SaveChangesAsync(Boolean acceptAllChangesOnSuccess, CancellationToken cancellationToken)
2026-05-20 17:59:38.749 +05:30 [INF] Now listening on: https://localhost:7183
2026-05-20 17:59:38.797 +05:30 [INF] Now listening on: http://localhost:5264
2026-05-20 17:59:38.866 +05:30 [INF] Application started. Press Ctrl+C to shut down.
2026-05-20 17:59:38.867 +05:30 [INF] Hosting environment: Development
2026-05-20 17:59:38.869 +05:30 [INF] Content root path: C:\Users\Lekesh\Prince Yadav\Vedang Projects\Water Bill\VedangSoft.BPMS\Water.Bill\src\Water.Bill.API
2026-05-20 18:01:26.257 +05:30 [WRN] The 'bool' property 'IsActive' on entity type 'ConsumerOtpVerification' is configured with a database-generated default, but has no configured sentinel value. The database-generated default will always be used for inserts when the property has the value 'False', since this is the CLR default for the 'bool' type. Consider using a nullable type, using a nullable backing field, or setting the sentinel value for the property to ensure the database default is used when, and only when, appropriate. See https://aka.ms/efcore-docs-default-values for more information.
2026-05-20 18:01:26.263 +05:30 [WRN] The 'bool' property 'IsDeleted' on entity type 'ConsumerOtpVerification' is configured with a database-generated default, but has no configured sentinel value. The database-generated default will always be used for inserts when the property has the value 'False', since this is the CLR default for the 'bool' type. Consider using a nullable type, using a nullable backing field, or setting the sentinel value for the property to ensure the database default is used when, and only when, appropriate. See https://aka.ms/efcore-docs-default-values for more information.
2026-05-20 18:01:26.270 +05:30 [WRN] The 'bool' property 'ShowInSidebar' on entity type 'Menuitem' is configured with a database-generated default, but has no configured sentinel value. The database-generated default will always be used for inserts when the property has the value 'False', since this is the CLR default for the 'bool' type. Consider using a nullable type, using a nullable backing field, or setting the sentinel value for the property to ensure the database default is used when, and only when, appropriate. See https://aka.ms/efcore-docs-default-values for more information.
2026-05-20 18:01:26.274 +05:30 [WRN] The 'bool' property 'IsActive' on entity type 'PermissionModule' is configured with a database-generated default, but has no configured sentinel value. The database-generated default will always be used for inserts when the property has the value 'False', since this is the CLR default for the 'bool' type. Consider using a nullable type, using a nullable backing field, or setting the sentinel value for the property to ensure the database default is used when, and only when, appropriate. See https://aka.ms/efcore-docs-default-values for more information.
2026-05-20 18:01:26.277 +05:30 [WRN] The 'bool' property 'IsDeleted' on entity type 'PermissionModule' is configured with a database-generated default, but has no configured sentinel value. The database-generated default will always be used for inserts when the property has the value 'False', since this is the CLR default for the 'bool' type. Consider using a nullable type, using a nullable backing field, or setting the sentinel value for the property to ensure the database default is used when, and only when, appropriate. See https://aka.ms/efcore-docs-default-values for more information.
2026-05-20 18:01:29.219 +05:30 [WRN] Compiling a query which loads related collections for more than one collection navigation, either via 'Include' or through projection, but no 'QuerySplittingBehavior' has been configured. By default, Entity Framework will use 'QuerySplittingBehavior.SingleQuery', which can potentially result in slow query performance. See https://go.microsoft.com/fwlink/?linkid=2134277 for more information. To identify the query that's triggering this warning call 'ConfigureWarnings(w => w.Throw(RelationalEventId.MultipleCollectionIncludeWarning))'.
2026-05-20 18:01:29.468 +05:30 [WRN] Compiling a query which loads related collections for more than one collection navigation, either via 'Include' or through projection, but no 'QuerySplittingBehavior' has been configured. By default, Entity Framework will use 'QuerySplittingBehavior.SingleQuery', which can potentially result in slow query performance. See https://go.microsoft.com/fwlink/?linkid=2134277 for more information. To identify the query that's triggering this warning call 'ConfigureWarnings(w => w.Throw(RelationalEventId.MultipleCollectionIncludeWarning))'.
2026-05-20 18:49:18.193 +05:30 [INF] Now listening on: https://localhost:7183
2026-05-20 18:49:18.274 +05:30 [INF] Now listening on: http://localhost:5264
2026-05-20 18:49:18.408 +05:30 [INF] Application started. Press Ctrl+C to shut down.
2026-05-20 18:49:18.410 +05:30 [INF] Hosting environment: Development
2026-05-20 18:49:18.411 +05:30 [INF] Content root path: C:\Users\Lekesh\Prince Yadav\Vedang Projects\Water Bill\VedangSoft.BPMS\Water.Bill\src\Water.Bill.API
2026-05-20 18:49:41.844 +05:30 [WRN] The 'bool' property 'IsActive' on entity type 'ConsumerOtpVerification' is configured with a database-generated default, but has no configured sentinel value. The database-generated default will always be used for inserts when the property has the value 'False', since this is the CLR default for the 'bool' type. Consider using a nullable type, using a nullable backing field, or setting the sentinel value for the property to ensure the database default is used when, and only when, appropriate. See https://aka.ms/efcore-docs-default-values for more information.
2026-05-20 18:49:41.859 +05:30 [WRN] The 'bool' property 'IsDeleted' on entity type 'ConsumerOtpVerification' is configured with a database-generated default, but has no configured sentinel value. The database-generated default will always be used for inserts when the property has the value 'False', since this is the CLR default for the 'bool' type. Consider using a nullable type, using a nullable backing field, or setting the sentinel value for the property to ensure the database default is used when, and only when, appropriate. See https://aka.ms/efcore-docs-default-values for more information.
2026-05-20 18:49:41.870 +05:30 [WRN] The 'bool' property 'ShowInSidebar' on entity type 'Menuitem' is configured with a database-generated default, but has no configured sentinel value. The database-generated default will always be used for inserts when the property has the value 'False', since this is the CLR default for the 'bool' type. Consider using a nullable type, using a nullable backing field, or setting the sentinel value for the property to ensure the database default is used when, and only when, appropriate. See https://aka.ms/efcore-docs-default-values for more information.
2026-05-20 18:49:41.876 +05:30 [WRN] The 'bool' property 'IsActive' on entity type 'PermissionModule' is configured with a database-generated default, but has no configured sentinel value. The database-generated default will always be used for inserts when the property has the value 'False', since this is the CLR default for the 'bool' type. Consider using a nullable type, using a nullable backing field, or setting the sentinel value for the property to ensure the database default is used when, and only when, appropriate. See https://aka.ms/efcore-docs-default-values for more information.
2026-05-20 18:49:41.888 +05:30 [WRN] The 'bool' property 'IsDeleted' on entity type 'PermissionModule' is configured with a database-generated default, but has no configured sentinel value. The database-generated default will always be used for inserts when the property has the value 'False', since this is the CLR default for the 'bool' type. Consider using a nullable type, using a nullable backing field, or setting the sentinel value for the property to ensure the database default is used when, and only when, appropriate. See https://aka.ms/efcore-docs-default-values for more information.
2026-05-20 19:02:04.630 +05:30 [INF] Now listening on: https://localhost:7183
2026-05-20 19:02:04.684 +05:30 [INF] Now listening on: http://localhost:5264
2026-05-20 19:02:04.761 +05:30 [INF] Application started. Press Ctrl+C to shut down.
2026-05-20 19:02:04.763 +05:30 [INF] Hosting environment: Development
2026-05-20 19:02:04.764 +05:30 [INF] Content root path: C:\Users\Lekesh\Prince Yadav\Vedang Projects\Water Bill\VedangSoft.BPMS\Water.Bill\src\Water.Bill.API
2026-05-20 19:07:46.840 +05:30 [WRN] The 'bool' property 'IsActive' on entity type 'ConsumerOtpVerification' is configured with a database-generated default, but has no configured sentinel value. The database-generated default will always be used for inserts when the property has the value 'False', since this is the CLR default for the 'bool' type. Consider using a nullable type, using a nullable backing field, or setting the sentinel value for the property to ensure the database default is used when, and only when, appropriate. See https://aka.ms/efcore-docs-default-values for more information.
2026-05-20 19:07:46.854 +05:30 [WRN] The 'bool' property 'IsDeleted' on entity type 'ConsumerOtpVerification' is configured with a database-generated default, but has no configured sentinel value. The database-generated default will always be used for inserts when the property has the value 'False', since this is the CLR default for the 'bool' type. Consider using a nullable type, using a nullable backing field, or setting the sentinel value for the property to ensure the database default is used when, and only when, appropriate. See https://aka.ms/efcore-docs-default-values for more information.
2026-05-20 19:07:46.865 +05:30 [WRN] The 'bool' property 'ShowInSidebar' on entity type 'Menuitem' is configured with a database-generated default, but has no configured sentinel value. The database-generated default will always be used for inserts when the property has the value 'False', since this is the CLR default for the 'bool' type. Consider using a nullable type, using a nullable backing field, or setting the sentinel value for the property to ensure the database default is used when, and only when, appropriate. See https://aka.ms/efcore-docs-default-values for more information.
2026-05-20 19:07:46.870 +05:30 [WRN] The 'bool' property 'IsActive' on entity type 'PermissionModule' is configured with a database-generated default, but has no configured sentinel value. The database-generated default will always be used for inserts when the property has the value 'False', since this is the CLR default for the 'bool' type. Consider using a nullable type, using a nullable backing field, or setting the sentinel value for the property to ensure the database default is used when, and only when, appropriate. See https://aka.ms/efcore-docs-default-values for more information.
2026-05-20 19:07:46.882 +05:30 [WRN] The 'bool' property 'IsDeleted' on entity type 'PermissionModule' is configured with a database-generated default, but has no configured sentinel value. The database-generated default will always be used for inserts when the property has the value 'False', since this is the CLR default for the 'bool' type. Consider using a nullable type, using a nullable backing field, or setting the sentinel value for the property to ensure the database default is used when, and only when, appropriate. See https://aka.ms/efcore-docs-default-values for more information.
2026-05-20 19:32:50.374 +05:30 [INF] Now listening on: https://localhost:7183
2026-05-20 19:32:50.500 +05:30 [INF] Now listening on: http://localhost:5264
2026-05-20 19:32:50.676 +05:30 [INF] Application started. Press Ctrl+C to shut down.
2026-05-20 19:32:51.088 +05:30 [INF] Hosting environment: Development
2026-05-20 19:32:51.249 +05:30 [INF] Content root path: C:\Users\Lekesh\Prince Yadav\Vedang Projects\Water Bill\VedangSoft.BPMS\Water.Bill\src\Water.Bill.API
2026-05-20 19:38:17.744 +05:30 [INF] Now listening on: https://localhost:7183
2026-05-20 19:38:17.794 +05:30 [INF] Now listening on: http://localhost:5264
2026-05-20 19:38:17.867 +05:30 [INF] Application started. Press Ctrl+C to shut down.
2026-05-20 19:38:17.869 +05:30 [INF] Hosting environment: Development
2026-05-20 19:38:17.870 +05:30 [INF] Content root path: C:\Users\Lekesh\Prince Yadav\Vedang Projects\Water Bill\VedangSoft.BPMS\Water.Bill\src\Water.Bill.API
2026-05-20 19:46:25.071 +05:30 [INF] Now listening on: https://localhost:7183
2026-05-20 19:46:25.151 +05:30 [INF] Now listening on: http://localhost:5264
2026-05-20 19:46:25.262 +05:30 [INF] Application started. Press Ctrl+C to shut down.
2026-05-20 19:46:25.264 +05:30 [INF] Hosting environment: Development
2026-05-20 19:46:25.265 +05:30 [INF] Content root path: C:\Users\Lekesh\Prince Yadav\Vedang Projects\Water Bill\VedangSoft.BPMS\Water.Bill\src\Water.Bill.API
2026-05-20 19:58:40.304 +05:30 [INF] Now listening on: https://localhost:7183
2026-05-20 19:58:40.350 +05:30 [INF] Now listening on: http://localhost:5264
2026-05-20 19:58:40.429 +05:30 [INF] Application started. Press Ctrl+C to shut down.
2026-05-20 19:58:40.432 +05:30 [INF] Hosting environment: Development
2026-05-20 19:58:40.434 +05:30 [INF] Content root path: C:\Users\Lekesh\Prince Yadav\Vedang Projects\Water Bill\VedangSoft.BPMS\Water.Bill\src\Water.Bill.API
2026-05-20 20:19:56.643 +05:30 [INF] Now listening on: https://localhost:7183
2026-05-20 20:19:56.711 +05:30 [INF] Now listening on: http://localhost:5264
2026-05-20 20:19:56.817 +05:30 [INF] Application started. Press Ctrl+C to shut down.
2026-05-20 20:19:56.830 +05:30 [INF] Hosting environment: Development
2026-05-20 20:19:56.831 +05:30 [INF] Content root path: C:\Users\Lekesh\Prince Yadav\Vedang Projects\Water Bill\VedangSoft.BPMS\Water.Bill\src\Water.Bill.API
2026-05-20 20:24:48.089 +05:30 [INF] Now listening on: https://localhost:7183
2026-05-20 20:24:48.142 +05:30 [INF] Now listening on: http://localhost:5264
2026-05-20 20:24:48.219 +05:30 [INF] Application started. Press Ctrl+C to shut down.
2026-05-20 20:24:48.221 +05:30 [INF] Hosting environment: Development
2026-05-20 20:24:48.223 +05:30 [INF] Content root path: C:\Users\Lekesh\Prince Yadav\Vedang Projects\Water Bill\VedangSoft.BPMS\Water.Bill\src\Water.Bill.API
